<?xml version="1.0" encoding="UTF-8"?>
<!-- Generated by org.testng.reporters.JUnitReportReporter -->
<testsuite hostname="DESKTOP-C50TDGB" failures="0" tests="4" name="Day4.ParamTest" time="0.543" errors="0" timestamp="2023-04-08T01:54:49 IST" skipped="0">
  <testcase classname="Day4.ParamTest" name="testLogo" time="0.202"/>
  <system-out/>
  <testcase classname="Day4.ParamTest" name="testLogo" time="0.289"/>
  <system-out/>
  <testcase classname="Day4.ParamTest" name="testHomePageTitle" time="0.034"/>
  <system-out/>
  <testcase classname="Day4.ParamTest" name="testHomePageTitle" time="0.018"/>
  <system-out/>
</testsuite> <!-- Day4.ParamTest -->
