<?xml version="1.0" encoding="UTF-8"?>
<!-- Generated by org.testng.reporters.JUnitReportReporter -->
<testsuite hostname="DESKTOP-C50TDGB" failures="0" tests="3" name="Day1.FirstTest" time="0.029" errors="0" timestamp="2023-03-25T17:27:43 IST" skipped="0">
  <testcase classname="Day1.FirstTest" name="openapp" time="0.020"/>
  <system-out/>
  <testcase classname="Day1.FirstTest" name="login" time="0.005"/>
  <system-out/>
  <testcase classname="Day1.FirstTest" name="logout" time="0.004"/>
  <system-out/>
</testsuite> <!-- Day1.FirstTest -->
