<?xml version="1.0" encoding="UTF-8"?>
<!-- Generated by org.testng.reporters.JUnitReportReporter -->
<testsuite hostname="DESKTOP-C50TDGB" failures="0" tests="3" name="Day3.Grouping" time="0.022" errors="0" timestamp="2023-03-28T13:45:25 IST" skipped="0">
  <testcase classname="Day3.Grouping" name="signupbyfacebook" time="0.017"/>
  <system-out/>
  <testcase classname="Day3.Grouping" name="signupbytwitter" time="0.002"/>
  <system-out/>
  <testcase classname="Day3.Grouping" name="paymentReturnbyBank" time="0.003"/>
  <system-out/>
</testsuite> <!-- Day3.Grouping -->
