<?xml version="1.0" encoding="UTF-8"?>
<!-- Generated by org.testng.reporters.JUnitReportReporter -->
<testsuite hostname="DESKTOP-C50TDGB" failures="0" tests="2" name="Day2.AnnotationsDemo1" time="0.021" errors="0" timestamp="2023-03-27T00:41:46 IST" skipped="0">
  <testcase classname="Day2.AnnotationsDemo1" name="search" time="0.011"/>
  <system-out/>
  <testcase classname="Day2.AnnotationsDemo1" name="advacedSearch" time="0.010"/>
  <system-out/>
</testsuite> <!-- Day2.AnnotationsDemo1 -->
