<?xml version="1.0" encoding="UTF-8"?>
<!-- Generated by org.testng.reporters.JUnitReportReporter -->
<testsuite hostname="DESKTOP-C50TDGB" failures="0" tests="2" name="Day2.AllAnnotations" time="0.015" errors="0" timestamp="2023-03-27T01:35:49 IST" skipped="0">
  <testcase classname="Day2.AllAnnotations" name="tm1" time="0.010"/>
  <system-out/>
  <testcase classname="Day2.AllAnnotations" name="tm2" time="0.005"/>
  <system-out/>
</testsuite> <!-- Day2.AllAnnotations -->
