<?xml version="1.0" encoding="UTF-8"?>
<!-- Generated by org.testng.reporters.JUnitReportReporter -->
<testsuite hostname="DESKTOP-C50TDGB" failures="0" tests="2" name="Day2.AnnotationsDemo2" time="0.012" errors="0" timestamp="2023-03-27T00:48:31 IST" skipped="0">
  <testcase classname="Day2.AnnotationsDemo2" name="search" time="0.009"/>
  <system-out/>
  <testcase classname="Day2.AnnotationsDemo2" name="advacedSearch" time="0.003"/>
  <system-out/>
</testsuite> <!-- Day2.AnnotationsDemo2 -->
