<?xml version="1.0" encoding="UTF-8"?>
<!-- Generated by org.testng.reporters.JUnitReportReporter -->
<testsuite hostname="DESKTOP-C50TDGB" failures="0" tests="3" name="Day1.SecondTest" time="15.217" errors="0" timestamp="2023-03-25T18:18:21 IST" skipped="0">
  <testcase classname="Day1.SecondTest" name="openApp" time="11.615"/>
  <system-out/>
  <testcase classname="Day1.SecondTest" name="login" time="2.815"/>
  <system-out/>
  <testcase classname="Day1.SecondTest" name="close" time="0.787"/>
  <system-out/>
</testsuite> <!-- Day1.SecondTest -->
