<?xml version="1.0" encoding="UTF-8"?>
<!-- Generated by org.testng.reporters.JUnitReportReporter -->
<testsuite hostname="DESKTOP-C50TDGB" failures="0" tests="2" name="Day2.pak1.class1" time="0.007" errors="0" timestamp="2023-03-27T01:14:38 IST" skipped="0">
  <testcase classname="Day2.pak1.class1" name="abc" time="0.003"/>
  <system-out/>
  <testcase classname="Day2.pak1.class1" name="abc" time="0.004"/>
  <system-out/>
</testsuite> <!-- Day2.pak1.class1 -->
