<?xml version="1.0" encoding="UTF-8"?>
<!-- Generated by org.testng.reporters.JUnitReportReporter -->
<testsuite hostname="DESKTOP-C50TDGB" failures="0" tests="3" name="Day1.ThirdTest" time="0.016" errors="0" timestamp="2023-03-25T18:18:21 IST" skipped="0">
  <testcase classname="Day1.ThirdTest" name="test1" time="0.004"/>
  <system-out/>
  <testcase classname="Day1.ThirdTest" name="test2" time="0.005"/>
  <system-out/>
  <testcase classname="Day1.ThirdTest" name="test3" time="0.007"/>
  <system-out/>
</testsuite> <!-- Day1.ThirdTest -->
