<?xml version="1.0" encoding="UTF-8"?>
<!-- Generated by org.testng.reporters.JUnitReportReporter -->
<testsuite hostname="DESKTOP-C50TDGB" failures="0" tests="5" name="Day4.InvocationCount" time="0.067" errors="0" timestamp="2023-04-07T23:41:32 IST" skipped="0">
  <testcase classname="Day4.InvocationCount" name="test" time="0.004"/>
  <system-out/>
  <testcase classname="Day4.InvocationCount" name="test" time="0.009"/>
  <system-out/>
  <testcase classname="Day4.InvocationCount" name="test" time="0.014"/>
  <system-out/>
  <testcase classname="Day4.InvocationCount" name="test" time="0.037"/>
  <system-out/>
  <testcase classname="Day4.InvocationCount" name="test" time="0.003"/>
  <system-out/>
</testsuite> <!-- Day4.InvocationCount -->
